<?xml version="1.0" encoding="UTF-8"?>
<!-- Generated by org.testng.reporters.JUnitReportReporter -->
<testsuite hostname="DESKTOP-9538315" failures="0" tests="1" name="MercurytoursTestscenerios.Mercury_TC2_Login" time="20.754" errors="0" timestamp="2023-08-15T16:30:34 IST" skipped="0">
  <testcase classname="MercurytoursTestscenerios.Mercury_TC2_Login" name="Loginpage" time="20.754"/>
</testsuite> <!-- MercurytoursTestscenerios.Mercury_TC2_Login -->
