<?xml version="1.0" encoding="UTF-8"?>
<!-- Generated by org.testng.reporters.JUnitReportReporter -->
<testsuite hostname="DESKTOP-9538315" failures="0" tests="1" name="MercurytoursTestscenerios.Mercury__TC1_register" time="8.450" errors="0" timestamp="2023-08-15T16:30:34 IST" skipped="0">
  <testcase classname="MercurytoursTestscenerios.Mercury__TC1_register" name="register" time="8.450"/>
</testsuite> <!-- MercurytoursTestscenerios.Mercury__TC1_register -->
