<?xml version="1.0" encoding="UTF-8"?>
<!-- Generated by org.testng.reporters.JUnitReportReporter -->
<testsuite hostname="DESKTOP-9538315" failures="0" tests="1" name="MercurytoursTestscenerios.Mercury_register_testscenerio" time="5.846" errors="0" timestamp="2023-07-17T15:40:06 IST" skipped="0">
  <testcase classname="MercurytoursTestscenerios.Mercury_register_testscenerio" name="register" time="5.846"/>
</testsuite> <!-- MercurytoursTestscenerios.Mercury_register_testscenerio -->
