<?xml version="1.0" encoding="UTF-8"?>
<!-- Generated by org.testng.reporters.JUnitReportReporter -->
<testsuite hostname="DESKTOP-9538315" failures="0" tests="1" name="MercurytoursTestscenerios.ddddd" time="6.024" errors="0" timestamp="2023-07-16T11:36:28 IST" skipped="0">
  <testcase classname="MercurytoursTestscenerios.ddddd" name="name" time="6.024"/>
</testsuite> <!-- MercurytoursTestscenerios.ddddd -->
