<?xml version="1.0" encoding="UTF-8"?>
<!-- Generated by org.testng.reporters.JUnitReportReporter -->
<testsuite hostname="DESKTOP-9538315" failures="0" tests="1" name="MercurytoursTestscenerios.abcdd" time="7.611" errors="0" timestamp="2023-07-18T11:29:27 IST" skipped="0">
  <testcase classname="MercurytoursTestscenerios.abcdd" name="name" time="7.611"/>
</testsuite> <!-- MercurytoursTestscenerios.abcdd -->
