<?xml version="1.0" encoding="UTF-8"?>
<!-- Generated by org.testng.reporters.JUnitReportReporter -->
<testsuite hostname="DESKTOP-9538315" failures="0" tests="1" name="MercurytoursTestscenerios.Mercury__TC1_register" time="5.678" errors="0" timestamp="2023-08-06T15:18:53 IST" skipped="0">
  <testcase classname="MercurytoursTestscenerios.Mercury__TC1_register" name="register" time="5.678"/>
</testsuite> <!-- MercurytoursTestscenerios.Mercury__TC1_register -->
